SF:lib/src/private/platform/custom_platform.dart
DA:47,4
LF:1
LH:1
end_of_record
SF:lib/src/bool_extension.dart
DA:4,0
DA:8,0
DA:14,0
DA:17,0
LF:4
LH:0
end_of_record
SF:lib/src/color_extension.dart
DA:8,2
DA:13,0
DA:19,1
DA:20,4
DA:27,2
DA:30,4
DA:31,6
DA:33,6
DA:34,2
DA:36,2
DA:41,1
DA:49,2
DA:55,3
DA:61,1
DA:62,1
DA:63,5
DA:65,1
DA:66,3
DA:67,3
DA:68,3
DA:69,3
DA:70,1
DA:72,2
DA:78,3
DA:84,3
DA:87,2
DA:93,1
DA:94,1
DA:99,1
DA:100,2
DA:101,3
DA:103,2
DA:109,1
DA:110,2
DA:111,3
DA:113,2
DA:120,1
DA:121,3
DA:126,1
DA:140,1
DA:141,2
DA:143,3
DA:147,3
LF:43
LH:42
end_of_record
SF:lib/src/constants/app_constants.dart
DA:5,0
LF:1
LH:0
end_of_record
SF:lib/src/constants/file_constants.dart
DA:2,1
DA:3,2
LF:2
LH:2
end_of_record
SF:lib/src/constants/input_formatter_constants.dart
DA:7,1
DA:8,2
DA:11,1
DA:12,1
DA:13,1
DA:15,2
DA:16,1
DA:17,1
DA:18,1
DA:21,2
DA:22,1
DA:23,1
DA:24,1
DA:27,2
DA:28,1
DA:29,2
LF:16
LH:16
end_of_record
SF:lib/src/constants/regex_constants.dart
DA:2,6
DA:3,3
LF:2
LH:2
end_of_record
SF:lib/src/constants/responsibility_constants.dart
DA:9,3
DA:10,3
DA:11,3
DA:21,9
DA:24,9
DA:27,9
LF:6
LH:6
end_of_record
SF:lib/src/kartal_config.dart
DA:26,2
DA:28,6
DA:31,4
DA:37,0
DA:40,4
DA:45,1
DA:49,2
DA:50,2
DA:52,3
DA:56,1
DA:57,1
DA:58,1
DA:60,3
DA:72,6
DA:77,18
LF:15
LH:14
end_of_record
SF:lib/src/date_extension.dart
DA:6,4
DA:12,2
DA:18,2
DA:33,2
DA:34,4
DA:36,3
DA:39,2
DA:41,2
DA:44,6
DA:45,2
DA:46,2
DA:50,6
DA:51,2
DA:52,2
DA:56,4
DA:57,2
DA:58,4
DA:62,2
DA:63,1
DA:64,2
DA:68,2
DA:69,1
DA:70,2
DA:74,2
DA:75,1
DA:76,2
DA:82,1
DA:87,6
DA:100,1
LF:29
LH:29
end_of_record
SF:lib/src/duration_extension.dart
DA:4,2
DA:8,1
DA:22,2
DA:27,1
DA:28,2
DA:29,2
DA:31,3
DA:33,1
DA:34,2
DA:35,2
DA:37,1
DA:38,2
DA:39,1
DA:40,1
DA:43,2
DA:51,3
DA:54,1
DA:55,2
LF:18
LH:18
end_of_record
SF:lib/src/exception/generic_type_exception.dart
DA:5,6
DA:6,0
DA:8,0
DA:9,0
LF:4
LH:1
end_of_record
SF:lib/src/exception/package_info_exception.dart
DA:2,0
DA:6,0
DA:7,0
LF:3
LH:0
end_of_record
SF:lib/src/file/app_file_extension.dart
DA:11,2
DA:18,1
DA:22,1
DA:23,3
DA:24,3
DA:27,3
DA:30,3
DA:33,3
DA:40,3
DA:43,3
DA:46,3
DA:49,3
LF:12
LH:12
end_of_record
SF:lib/src/private/file/app_file_extension.dart
DA:5,2
LF:1
LH:1
end_of_record
SF:lib/src/future_extension.dart
DA:7,2
DA:12,1
DA:21,1
DA:28,1
DA:29,1
DA:31,1
DA:32,1
DA:35,2
DA:37,1
DA:38,1
DA:41,2
DA:43,1
DA:44,1
DA:55,1
DA:60,2
DA:62,1
DA:63,0
DA:73,1
DA:75,1
DA:82,1
DA:84,1
DA:111,1
DA:118,1
DA:119,1
DA:124,1
DA:126,1
DA:128,1
DA:129,1
DA:131,1
DA:132,1
DA:134,1
LF:31
LH:30
end_of_record
SF:lib/src/image_extension.dart
DA:6,2
DA:11,1
DA:15,2
DA:17,1
DA:21,2
DA:23,1
DA:27,2
DA:29,1
DA:33,2
DA:35,1
LF:10
LH:10
end_of_record
SF:lib/src/int_extension.dart
DA:10,8
DA:14,4
DA:18,1
DA:19,1
DA:22,4
DA:25,6
DA:28,3
DA:39,1
DA:40,2
DA:43,6
DA:45,1
DA:46,3
DA:47,3
DA:48,3
DA:49,2
DA:54,3
DA:57,6
DA:60,2
DA:63,3
DA:66,3
DA:69,3
DA:72,3
LF:22
LH:22
end_of_record
SF:lib/src/private/mixin/num/num_core_mixin.dart
DA:27,1
DA:28,2
DA:29,3
DA:32,4
DA:33,1
DA:34,1
DA:37,1
DA:38,1
DA:39,2
DA:41,2
DA:51,2
DA:57,1
DA:58,2
DA:59,3
DA:62,4
DA:63,1
DA:64,1
DA:67,1
DA:68,1
DA:69,2
DA:71,2
DA:86,2
DA:93,4
DA:94,6
DA:95,2
DA:97,4
DA:98,4
DA:99,2
DA:100,2
DA:102,2
DA:103,2
DA:105,2
DA:113,2
DA:114,8
DA:121,2
DA:122,10
DA:128,3
DA:131,4
DA:134,4
DA:139,1
DA:140,8
DA:144,1
DA:145,1
DA:148,2
DA:149,2
DA:153,1
DA:154,3
DA:156,1
DA:157,3
DA:158,2
DA:159,2
DA:160,4
DA:163,1
LF:53
LH:53
end_of_record
SF:lib/src/iterable_extension.dart
DA:9,4
DA:18,1
DA:19,1
DA:23,2
DA:28,2
DA:29,10
DA:38,2
DA:39,8
DA:43,1
DA:49,0
DA:52,0
LF:11
LH:9
end_of_record
SF:lib/src/private/mixin/collection/collection_core_mixin.dart
DA:26,2
DA:27,2
DA:28,1
DA:31,6
DA:39,1
DA:40,2
DA:50,1
DA:53,6
DA:63,1
DA:65,4
DA:68,1
DA:70,4
DA:77,1
DA:78,5
DA:84,1
DA:85,2
DA:87,4
DA:95,1
DA:96,1
DA:97,1
DA:99,2
DA:100,2
DA:111,1
DA:112,3
DA:117,1
DA:118,2
DA:124,1
DA:125,2
DA:127,6
DA:133,3
LF:30
LH:30
end_of_record
SF:lib/src/key_extension.dart
DA:8,2
DA:13,1
DA:17,1
DA:18,3
DA:20,1
DA:26,3
DA:29,4
DA:32,1
DA:36,2
DA:37,1
DA:38,1
DA:39,2
LF:12
LH:12
end_of_record
SF:lib/src/list_extension.dart
DA:6,4
DA:12,4
DA:16,2
DA:20,1
DA:21,1
DA:24,4
DA:27,2
DA:28,2
DA:29,4
DA:36,0
DA:37,0
DA:41,2
DA:42,4
DA:43,4
DA:50,1
DA:51,2
DA:53,1
DA:54,1
DA:56,1
DA:57,2
DA:58,2
DA:68,1
DA:69,2
DA:71,2
DA:72,2
DA:74,3
DA:84,1
DA:85,2
DA:86,2
DA:88,1
DA:89,4
DA:90,2
DA:91,1
DA:100,1
DA:101,2
DA:102,1
DA:104,1
DA:105,1
DA:113,1
DA:114,1
DA:116,2
DA:117,2
DA:119,1
LF:43
LH:41
end_of_record
SF:lib/src/map_extension.dart
DA:8,2
DA:12,1
DA:16,1
DA:18,1
DA:20,1
DA:24,0
LF:6
LH:5
end_of_record
SF:lib/src/num_extension.dart
DA:10,2
DA:14,1
LF:2
LH:2
end_of_record
SF:lib/src/private/mixin/string/string_format_mixin.dart
DA:23,1
DA:24,1
DA:25,1
DA:26,2
DA:28,5
DA:30,1
DA:31,3
DA:33,5
DA:43,1
DA:44,1
DA:45,1
DA:47,1
DA:48,1
DA:50,1
DA:51,1
DA:54,4
DA:55,2
DA:57,5
DA:65,1
DA:66,1
DA:72,1
DA:73,1
DA:74,1
DA:76,2
DA:79,1
DA:80,1
DA:81,3
DA:85,3
DA:96,1
DA:97,1
DA:98,1
DA:99,1
DA:100,2
DA:101,3
DA:103,4
DA:111,1
DA:112,1
DA:113,2
DA:116,1
DA:117,2
DA:118,3
DA:120,6
DA:127,1
DA:128,1
DA:129,1
DA:131,3
DA:132,0
DA:137,1
DA:138,1
DA:139,2
DA:141,4
DA:145,1
DA:146,1
DA:147,1
DA:149,2
DA:153,1
DA:154,1
DA:155,1
DA:157,3
DA:161,1
DA:162,1
DA:163,1
DA:165,2
DA:169,1
DA:170,1
DA:171,1
DA:174,2
DA:175,1
DA:183,1
DA:184,1
DA:185,1
DA:187,1
LF:72
LH:71
end_of_record
SF:lib/src/private/mixin/string/string_validator_mixin.dart
DA:9,1
DA:10,4
DA:13,6
DA:16,6
DA:19,1
DA:20,1
DA:21,1
DA:22,2
DA:23,2
DA:33,2
DA:34,2
DA:35,2
DA:40,2
DA:41,6
DA:44,1
DA:45,4
DA:51,1
DA:52,4
DA:57,1
DA:58,4
DA:64,1
DA:65,1
DA:67,6
DA:81,1
DA:82,1
DA:84,3
DA:86,4
DA:95,1
DA:96,1
DA:98,2
DA:99,2
DA:100,2
DA:102,3
DA:105,9
DA:107,7
DA:109,3
DA:110,2
DA:112,4
DA:114,3
DA:123,1
DA:124,1
DA:126,3
DA:127,4
DA:128,2
DA:130,3
DA:132,1
DA:133,2
DA:138,2
DA:139,2
DA:142,3
DA:149,3
DA:150,4
DA:153,1
DA:160,1
DA:161,1
DA:163,3
DA:164,2
DA:170,4
DA:171,2
DA:174,1
DA:175,2
DA:178,1
DA:182,2
DA:186,1
DA:187,1
DA:189,3
LF:66
LH:66
end_of_record
SF:lib/src/string_extension.dart
DA:12,8
DA:18,10
DA:28,5
DA:32,3
DA:33,3
DA:36,5
DA:42,5
DA:45,4
DA:50,4
DA:55,6
DA:58,1
DA:61,1
DA:64,1
DA:67,1
DA:71,4
LF:15
LH:15
end_of_record
SF:lib/src/private/mixin/string/string_share_mixin.dart
DA:13,1
DA:16,1
DA:17,1
DA:18,2
DA:20,1
DA:24,2
DA:25,0
DA:30,1
DA:37,0
DA:41,0
DA:43,0
DA:46,0
DA:47,0
DA:48,0
DA:52,0
DA:59,0
DA:60,0
DA:61,0
DA:62,0
DA:73,0
DA:74,0
DA:77,0
DA:78,0
DA:81,0
LF:24
LH:7
end_of_record
SF:lib/src/private/mixin/string/string_platform_mixin.dart
DA:8,3
DA:11,0
DA:14,0
DA:17,0
DA:20,0
DA:21,0
LF:6
LH:1
end_of_record
SF:lib/src/private/mixin/string/string_core_mixin.dart
DA:19,1
DA:20,1
DA:21,2
DA:22,3
DA:23,3
DA:24,3
DA:25,2
DA:31,1
DA:32,1
DA:33,2
DA:35,3
DA:36,3
DA:37,1
DA:42,1
DA:43,3
DA:44,1
DA:45,1
DA:46,1
DA:49,1
DA:50,4
DA:51,1
DA:55,1
DA:56,3
DA:58,1
DA:60,1
DA:63,1
DA:66,0
DA:81,1
DA:82,2
DA:83,2
DA:84,2
DA:97,1
DA:98,3
DA:99,1
LF:34
LH:33
end_of_record
SF:lib/src/widget_extension.dart
DA:6,2
DA:10,1
DA:15,1
DA:16,1
DA:21,2
DA:23,1
DA:25,1
DA:30,3
DA:33,1
DA:34,3
DA:37,1
DA:38,1
DA:39,1
DA:43,1
DA:47,1
DA:52,1
DA:53,1
DA:59,1
DA:63,1
DA:64,2
DA:67,3
DA:70,3
DA:73,1
DA:74,2
DA:81,1
DA:86,2
DA:87,2
DA:90,3
DA:93,3
DA:96,3
DA:99,1
DA:100,2
DA:103,3
DA:106,1
DA:111,1
DA:112,1
DA:118,1
DA:122,1
DA:123,2
DA:126,1
DA:127,2
DA:130,1
DA:131,2
DA:134,1
DA:135,3
DA:138,1
DA:145,1
DA:152,1
LF:48
LH:48
end_of_record
SF:lib/src/utility/http_result.dart
DA:25,2
DA:27,4
DA:30,2
DA:33,2
DA:36,2
DA:44,1
DA:46,1
DA:49,1
DA:52,1
DA:55,1
DA:58,1
LF:11
LH:11
end_of_record
SF:lib/src/utility/maps_utility.dart
DA:13,0
DA:20,0
DA:25,0
DA:28,0
DA:29,0
DA:30,0
DA:31,0
DA:42,1
DA:47,1
DA:50,1
DA:51,0
DA:52,0
DA:53,0
DA:63,0
DA:65,0
DA:68,0
DA:69,0
DA:70,0
LF:18
LH:3
end_of_record
SF:lib/src/private/platform/app_platform.dart
DA:11,4
DA:15,1
DA:16,1
DA:18,1
DA:19,2
DA:21,1
DA:22,2
DA:23,0
DA:25,2
DA:29,1
DA:30,2
DA:32,0
DA:33,0
DA:35,0
DA:36,0
DA:38,0
DA:39,0
DA:41,0
DA:42,0
DA:44,0
DA:47,0
DA:48,0
DA:50,0
DA:51,0
DA:52,0
DA:56,0
DA:58,0
DA:62,0
DA:63,0
DA:66,0
DA:70,0
DA:71,0
DA:72,0
DA:74,0
DA:80,0
DA:83,0
DA:84,0
DA:86,0
DA:87,0
DA:89,0
DA:90,0
DA:92,0
DA:93,0
LF:43
LH:10
end_of_record
SF:lib/src/utility/device/device_utils_io.dart
DA:8,2
DA:11,1
DA:13,3
DA:23,0
DA:25,0
DA:26,0
DA:30,0
DA:32,0
DA:35,1
DA:37,2
DA:41,0
DA:43,0
DA:44,0
DA:45,0
DA:46,0
DA:47,0
DA:48,0
DA:50,0
LF:18
LH:5
end_of_record
SF:lib/src/private/sub_extension/context/context_border_extension.dart
DA:7,2
DA:12,1
DA:15,4
DA:18,0
DA:21,0
DA:24,0
DA:27,0
DA:30,4
DA:33,4
DA:36,4
DA:39,1
DA:40,4
DA:43,1
DA:44,4
DA:47,1
DA:48,4
DA:51,0
DA:52,0
DA:53,0
DA:57,0
DA:58,0
DA:59,0
DA:63,0
DA:64,0
DA:65,0
DA:69,0
DA:70,0
DA:71,0
DA:75,0
DA:76,0
DA:77,0
LF:31
LH:12
end_of_record
SF:lib/src/private/sub_extension/context/context_device_extension.dart
DA:7,6
DA:12,3
DA:14,3
DA:15,3
DA:16,12
DA:22,15
DA:29,3
DA:30,12
DA:31,12
DA:39,3
DA:40,12
DA:41,8
DA:47,10
DA:50,0
DA:53,0
DA:56,0
DA:59,0
DA:62,0
DA:68,1
DA:69,1
DA:70,1
DA:71,1
DA:86,1
DA:87,1
DA:88,1
DA:89,1
DA:90,1
DA:91,1
DA:114,2
DA:117,2
LF:30
LH:25
end_of_record
SF:lib/src/private/sub_extension/context/context_general_extension.dart
DA:6,8
DA:12,4
DA:16,3
DA:19,12
DA:22,6
DA:25,3
DA:28,0
DA:29,0
DA:32,9
DA:35,0
DA:38,3
DA:41,0
DA:44,3
DA:48,8
DA:52,3
DA:56,0
DA:59,0
DA:65,4
DA:68,2
DA:71,3
DA:74,3
DA:77,3
DA:80,0
DA:81,0
DA:84,3
DA:87,3
DA:90,3
DA:93,3
LF:28
LH:20
end_of_record
SF:lib/src/private/sub_extension/context/context_navigator_extension.dart
DA:7,0
DA:11,0
DA:15,0
DA:20,0
DA:21,0
DA:24,0
DA:29,0
DA:32,0
DA:38,0
DA:41,0
DA:43,0
DA:51,0
DA:55,0
DA:56,0
LF:14
LH:0
end_of_record
SF:lib/src/widget/route/slide_route.dart
DA:15,0
DA:16,0
DA:17,0
DA:18,0
DA:21,0
DA:29,0
DA:33,0
DA:34,0
DA:35,0
DA:36,0
DA:37,0
DA:38,0
DA:40,0
LF:13
LH:0
end_of_record
SF:lib/src/private/sub_extension/context/context_overlay_extension.dart
DA:6,2
DA:10,1
DA:14,3
DA:20,1
DA:26,2
DA:27,1
DA:28,1
DA:37,1
DA:39,2
DA:42,3
DA:45,3
DA:52,1
DA:59,1
DA:60,1
DA:66,1
DA:70,1
DA:73,1
DA:74,1
DA:76,1
DA:83,1
DA:90,1
DA:91,1
DA:92,2
DA:93,1
DA:94,1
DA:95,1
DA:96,1
DA:97,3
DA:98,1
DA:100,1
DA:101,3
DA:103,1
DA:104,3
DA:107,1
LF:34
LH:34
end_of_record
SF:lib/src/private/sub_extension/context/context_padding_extension.dart
DA:8,2
DA:12,1
DA:16,4
DA:19,4
DA:22,4
DA:25,4
DA:29,3
DA:33,3
DA:37,3
DA:41,3
DA:45,0
DA:49,0
DA:50,0
DA:54,0
DA:55,0
DA:59,0
DA:63,0
DA:67,0
DA:71,0
DA:75,0
DA:79,0
DA:83,0
DA:87,0
DA:91,0
DA:95,0
DA:99,0
DA:103,0
DA:107,0
DA:111,0
DA:115,0
DA:119,0
DA:123,0
DA:127,0
DA:131,0
DA:135,0
DA:139,0
LF:36
LH:10
end_of_record
SF:lib/src/private/sub_extension/context/context_popup_extension.dart
DA:7,2
DA:14,3
DA:20,1
DA:24,3
DA:32,1
DA:37,1
DA:39,4
DA:51,1
DA:52,3
DA:54,1
DA:58,1
LF:11
LH:11
end_of_record
SF:lib/src/utility/popup_manager/popup_manager.dart
DA:7,1
DA:24,1
DA:25,1
DA:28,1
DA:35,1
DA:40,1
DA:43,4
DA:44,0
DA:47,1
DA:50,2
DA:53,1
DA:58,2
DA:59,3
DA:67,1
DA:68,1
DA:69,1
DA:73,2
DA:74,3
DA:77,5
DA:78,2
DA:79,3
LF:21
LH:20
end_of_record
SF:lib/src/private/sub_extension/context/context_size_extension.dart
DA:9,8
DA:13,4
DA:17,10
DA:20,20
DA:23,3
DA:26,3
DA:29,3
DA:32,3
DA:35,3
DA:38,3
DA:41,0
DA:45,0
DA:49,0
DA:53,0
DA:57,0
DA:61,0
DA:65,0
DA:69,0
LF:18
LH:10
end_of_record
SF:lib/src/widget/sized_box/space_sized_height_box.dart
DA:5,6
DA:8,18
DA:10,0
DA:12,0
LF:4
LH:2
end_of_record
SF:lib/src/widget/sized_box/space_sized_width_box.dart
DA:5,6
DA:8,18
DA:10,0
DA:12,0
LF:4
LH:2
end_of_record
SF:lib/src/utility/bundle/bundle_decoder.dart
DA:10,1
DA:20,1
DA:25,1
DA:26,1
DA:38,1
DA:44,1
DA:46,1
DA:47,1
DA:49,1
DA:51,1
DA:57,0
DA:61,1
DA:64,1
DA:65,2
DA:68,1
DA:69,1
DA:70,2
DA:72,1
DA:73,1
DA:79,2
DA:80,2
DA:85,1
DA:92,1
LF:23
LH:22
end_of_record
SF:lib/src/utility/device_utility.dart
DA:14,1
DA:20,1
DA:21,1
DA:26,2
DA:29,0
DA:32,0
DA:33,0
DA:36,3
DA:39,0
DA:40,0
LF:10
LH:5
end_of_record
SF:lib/src/utility/logger/custom_logger.dart
DA:8,0
DA:12,0
DA:15,0
LF:3
LH:0
end_of_record
SF:lib/src/utility/rate_limiter.dart
DA:27,1
DA:35,3
DA:38,1
DA:39,2
DA:40,3
DA:44,1
DA:45,2
DA:46,1
DA:52,1
DA:53,1
DA:55,1
DA:56,1
DA:60,2
DA:79,1
DA:87,3
DA:92,1
DA:93,1
DA:95,1
DA:96,5
DA:102,1
DA:103,2
DA:104,1
DA:108,2
LF:23
LH:23
end_of_record
SF:lib/src/utility/link_preview/custom_link_preview.dart
DA:8,0
DA:14,1
DA:15,2
DA:21,1
DA:22,1
DA:25,2
DA:26,1
DA:29,2
DA:30,2
DA:31,1
DA:32,1
DA:33,1
DA:35,1
DA:45,1
DA:48,1
DA:49,0
DA:51,1
DA:52,2
DA:53,0
DA:58,1
DA:61,1
DA:62,0
DA:64,1
DA:65,2
DA:67,0
DA:68,0
DA:73,1
DA:76,1
DA:77,0
DA:79,1
DA:80,2
LF:31
LH:24
end_of_record
SF:lib/src/utility/link_preview/custom_link_preview_data.dart
DA:3,1
LF:1
LH:1
end_of_record
SF:lib/src/private/platform/user_agent_parser.dart
DA:32,1
DA:33,1
DA:35,1
DA:37,1
DA:38,1
DA:39,1
DA:42,1
DA:43,2
DA:44,2
DA:45,2
LF:10
LH:10
end_of_record
